<?xml version="1.0" encoding="UTF-8"?>
<!-- Generated by org.testng.reporters.JUnitReportReporter -->
<testsuite hostname="lsinbrvina2" failures="0" tests="1" name="com.sas.viya.SASNewWork" time="0.000" errors="0" timestamp="2022-09-26T22:34:44 IST" skipped="1">
  <testcase classname="com.sas.viya.SASNewWork" name="SignIn" time="0.000">
    <skipped/>
  </testcase> <!-- SignIn -->
  <system-out/>
</testsuite> <!-- com.sas.viya.SASNewWork -->
