<?xml version="1.0" encoding="UTF-8"?>
<!-- Generated by org.testng.reporters.JUnitReportReporter -->
<testsuite hostname="lsinbrvina2" failures="0" tests="4" name="com.sas.viya.SASVisualAnalytics" time="218.966" errors="0" timestamp="2022-07-06T19:21:02 IST" skipped="0">
  <testcase classname="com.sas.viya.SASVisualAnalytics" name="SignIn" time="94.823"/>
  <system-out/>
  <testcase classname="com.sas.viya.SASVisualAnalytics" name="Report1" time="61.841"/>
  <system-out/>
  <testcase classname="com.sas.viya.SASVisualAnalytics" name="Report2" time="58.810"/>
  <system-out/>
  <testcase classname="com.sas.viya.SASVisualAnalytics" name="SignOut" time="3.492"/>
  <system-out/>
</testsuite> <!-- com.sas.viya.SASVisualAnalytics -->
