<?xml version="1.0" encoding="UTF-8"?>
<!-- Generated by org.testng.reporters.JUnitReportReporter -->
<testsuite hostname="lsinbrvina2" failures="0" tests="2" name="com.sas.viya.SASDrive" time="111.356" errors="0" timestamp="2022-07-06T19:21:02 IST" skipped="0">
  <testcase classname="com.sas.viya.SASDrive" name="SignIn" time="91.925"/>
  <system-out/>
  <testcase classname="com.sas.viya.SASDrive" name="SignOut" time="19.431"/>
  <system-out/>
</testsuite> <!-- com.sas.viya.SASDrive -->
