<?xml version="1.0" encoding="UTF-8"?>
<!-- Generated by org.testng.reporters.JUnitReportReporter -->
<testsuite hostname="lsinbrvina2" failures="0" tests="7" name="com.sas.viya.SASStudio" time="210.597" errors="0" timestamp="2022-09-27T00:50:55 IST" skipped="0">
  <testcase classname="com.sas.viya.SASStudio" name="SignIn" time="134.873"/>
  <system-out/>
  <testcase classname="com.sas.viya.SASStudio" name="CodeExecution1" time="17.692"/>
  <system-out/>
  <testcase classname="com.sas.viya.SASStudio" name="CodeExecution2" time="16.979"/>
  <system-out/>
  <testcase classname="com.sas.viya.SASStudio" name="CodeExecution3" time="14.098"/>
  <system-out/>
  <testcase classname="com.sas.viya.SASStudio" name="CodeExecution4" time="11.775"/>
  <system-out/>
  <testcase classname="com.sas.viya.SASStudio" name="CodeExecution5" time="11.614"/>
  <system-out/>
  <testcase classname="com.sas.viya.SASStudio" name="SignOut" time="3.566"/>
  <system-out/>
</testsuite> <!-- com.sas.viya.SASStudio -->
