<?xml version="1.0" encoding="UTF-8"?>
<!-- Generated by org.testng.reporters.JUnitReportReporter -->
<testsuite hostname="lsinbrvina2" failures="0" tests="6" name="com.sas.viya.SASEnvironmentManager" time="566.493" errors="0" timestamp="2022-09-27T00:50:55 IST" skipped="0">
  <testcase classname="com.sas.viya.SASEnvironmentManager" name="SignIn" time="433.623"/>
  <system-out/>
  <testcase classname="com.sas.viya.SASEnvironmentManager" name="CheckUsersAndGroups" time="13.495"/>
  <system-out/>
  <testcase classname="com.sas.viya.SASEnvironmentManager" name="ValidateValidationFolder" time="20.213"/>
  <system-out/>
  <testcase classname="com.sas.viya.SASEnvironmentManager" name="AccessServerPage" time="22.653"/>
  <system-out/>
  <testcase classname="com.sas.viya.SASEnvironmentManager" name="ImportData" time="38.861"/>
  <system-out/>
  <testcase classname="com.sas.viya.SASEnvironmentManager" name="ImportDemographic" time="37.648"/>
  <system-out/>
</testsuite> <!-- com.sas.viya.SASEnvironmentManager -->
