<?xml version="1.0" encoding="UTF-8"?>
<!-- Generated by org.testng.reporters.JUnitReportReporter -->
<testsuite hostname="lsinbrvina2" failures="0" tests="2" name="com.sas.viya.SASKubernetesCluster" time="26.403" errors="0" timestamp="2022-07-06T19:21:02 IST" skipped="0">
  <testcase classname="com.sas.viya.SASKubernetesCluster" name="PodsValidation" time="5.931"/>
  <system-out/>
  <testcase classname="com.sas.viya.SASKubernetesCluster" name="NodesValidation" time="20.472"/>
  <system-out/>
</testsuite> <!-- com.sas.viya.SASKubernetesCluster -->
