<?xml version="1.0" encoding="UTF-8"?>
<!-- Generated by org.testng.reporters.JUnitReportReporter -->
<testsuite hostname="lsinbrvina2" failures="0" tests="2" name="com.sas.viya.SASDrive" time="60.308" errors="0" timestamp="2022-09-29T12:46:42 IST" skipped="0">
  <testcase classname="com.sas.viya.SASDrive" name="SignIn" time="56.279"/>
  <system-out/>
  <testcase classname="com.sas.viya.SASDrive" name="SignOut" time="4.029"/>
  <system-out/>
</testsuite> <!-- com.sas.viya.SASDrive -->
