<?xml version="1.0" encoding="UTF-8"?>
<!-- Generated by org.testng.reporters.JUnitReportReporter -->
<testsuite hostname="lsinbrvina2" failures="0" tests="2" name="com.sas.viya.SASKubernetesCluster" time="5.623" errors="0" timestamp="2022-09-27T00:50:55 IST" skipped="0">
  <testcase classname="com.sas.viya.SASKubernetesCluster" name="PodsValidation" time="3.397"/>
  <system-out/>
  <testcase classname="com.sas.viya.SASKubernetesCluster" name="NodesValidation" time="2.226"/>
  <system-out/>
</testsuite> <!-- com.sas.viya.SASKubernetesCluster -->
