<?xml version="1.0" encoding="UTF-8"?>
<!-- Generated by org.testng.reporters.JUnitReportReporter -->
<testsuite hostname="lsinbrvina2" failures="0" tests="7" name="com.sas.viya.SASStudio" time="188.999" errors="0" timestamp="2022-07-06T19:21:02 IST" skipped="0">
  <testcase classname="com.sas.viya.SASStudio" name="SignIn" time="114.039"/>
  <system-out/>
  <testcase classname="com.sas.viya.SASStudio" name="CodeExecution1" time="17.717"/>
  <system-out/>
  <testcase classname="com.sas.viya.SASStudio" name="CodeExecution2" time="16.406"/>
  <system-out/>
  <testcase classname="com.sas.viya.SASStudio" name="CodeExecution3" time="13.932"/>
  <system-out/>
  <testcase classname="com.sas.viya.SASStudio" name="CodeExecution4" time="10.740"/>
  <system-out/>
  <testcase classname="com.sas.viya.SASStudio" name="CodeExecution5" time="11.928"/>
  <system-out/>
  <testcase classname="com.sas.viya.SASStudio" name="SignOut" time="4.237"/>
  <system-out/>
</testsuite> <!-- com.sas.viya.SASStudio -->
