<?xml version="1.0" encoding="UTF-8"?>
<!-- Generated by org.testng.reporters.JUnitReportReporter -->
<testsuite hostname="lsinbrvina2" failures="0" tests="4" name="com.sas.viya.SASVisualAnalytics" time="223.786" errors="0" timestamp="2022-09-27T00:50:55 IST" skipped="0">
  <testcase classname="com.sas.viya.SASVisualAnalytics" name="SignIn" time="98.584"/>
  <system-out/>
  <testcase classname="com.sas.viya.SASVisualAnalytics" name="Report1" time="61.852"/>
  <system-out/>
  <testcase classname="com.sas.viya.SASVisualAnalytics" name="Report2" time="59.434"/>
  <system-out/>
  <testcase classname="com.sas.viya.SASVisualAnalytics" name="SignOut" time="3.916"/>
  <system-out/>
</testsuite> <!-- com.sas.viya.SASVisualAnalytics -->
