<?xml version="1.0" encoding="UTF-8"?>
<!-- Generated by org.testng.reporters.JUnitReportReporter -->
<testsuite hostname="lsinbrvina2" failures="0" tests="6" name="com.sas.viya.SASEnvironmentManager" time="569.185" errors="0" timestamp="2022-07-06T19:21:02 IST" skipped="0">
  <testcase classname="com.sas.viya.SASEnvironmentManager" name="SignIn" time="436.504"/>
  <system-out/>
  <testcase classname="com.sas.viya.SASEnvironmentManager" name="CheckUsersAndGroups" time="13.425"/>
  <system-out/>
  <testcase classname="com.sas.viya.SASEnvironmentManager" name="ValidateValidationFolder" time="20.149"/>
  <system-out/>
  <testcase classname="com.sas.viya.SASEnvironmentManager" name="AccessServerPage" time="20.850"/>
  <system-out/>
  <testcase classname="com.sas.viya.SASEnvironmentManager" name="ImportData" time="38.773"/>
  <system-out/>
  <testcase classname="com.sas.viya.SASEnvironmentManager" name="ImportDemographic" time="39.484"/>
  <system-out/>
</testsuite> <!-- com.sas.viya.SASEnvironmentManager -->
